<?xml version="1.0" encoding="UTF-8"?>
<testng-results skipped="0" failed="0" ignored="0" total="1" passed="1">
  <reporter-output>
  </reporter-output>
  <suite name="Automated Test Suites" duration-ms="12294" started-at="2019-04-19T13:35:58Z" finished-at="2019-04-19T13:36:10Z">
    <groups>
    </groups>
    <test name="Sign Up Page Tests" duration-ms="12294" started-at="2019-04-19T13:35:58Z" finished-at="2019-04-19T13:36:10Z">
      <class name="SmokeTests.ATagsTest">
        <test-method status="PASS" signature="setUp()[pri:0, instance:SmokeTests.ATagsTest@56aac163]" name="setUp" is-config="true" duration-ms="9233" started-at="2019-04-19T13:35:58Z" finished-at="2019-04-19T13:36:07Z">
          <reporter-output>
          </reporter-output>
        </test-method> <!-- setUp -->
        <test-method status="PASS" signature="aTagsLinksTest()[pri:0, instance:SmokeTests.ATagsTest@56aac163]" name="aTagsLinksTest" duration-ms="307" started-at="2019-04-19T13:36:07Z" finished-at="2019-04-19T13:36:08Z">
          <reporter-output>
          </reporter-output>
        </test-method> <!-- aTagsLinksTest -->
        <test-method status="PASS" signature="tearDown()[pri:0, instance:SmokeTests.ATagsTest@56aac163]" name="tearDown" is-config="true" duration-ms="2694" started-at="2019-04-19T13:36:08Z" finished-at="2019-04-19T13:36:10Z">
          <reporter-output>
          </reporter-output>
        </test-method> <!-- tearDown -->
      </class> <!-- SmokeTests.ATagsTest -->
    </test> <!-- Sign Up Page Tests -->
  </suite> <!-- Automated Test Suites -->
</testng-results>
